"../../../Engine/Content/Functions/Engine_MaterialFunctions01/Shading/PowerToRoughness.uasset" 0
"../../../Engine/Content/Functions/Engine_MaterialFunctions01/Shading/ConvertFromDiffSpec.uasset" 1
"../../../Engine/Content/EngineMaterials/DefaultDiffuse.uasset" 2
"../../../Engine/Content/EngineMaterials/DefaultDeferredDecalMaterial.uasset" 3
"../../../Engine/Content/EngineMaterials/DefaultLightFunctionMaterial.uasset" 4
"../../../Engine/Content/Functions/Engine_MaterialFunctions02/Utility/BreakOutFloat2Components.uasset" 5
"../../../Engine/Content/EngineMaterials/DefaultPostProcessMaterial.uasset" 6
"../../../Engine/Content/EditorMaterials/Camera/CineMat.uasset" 7
"../../../Engine/Content/EditorMaterials/Camera/MI_CineMat_Rig.uasset" 8
"../../../Engine/Content/EditorMeshes/Camera/SM_CraneRig_Base.uasset" 9
"../../../Engine/Content/EditorMeshes/Camera/SM_CraneRig_Arm.uasset" 10
"../../../Engine/Content/EditorMeshes/Camera/SM_CraneRig_Mount.uasset" 11
"../../../Engine/Content/EditorMeshes/Camera/SM_CraneRig_Body.uasset" 12
"../../../Engine/Content/EditorMeshes/Camera/SM_RailRig_Track.uasset" 13
"../../../Engine/Content/EditorMeshes/Camera/SM_RailRig_Mount.uasset" 14
"../../../Engine/Content/EngineResources/AICON-Red.uasset" 15
"../../../Engine/Content/EngineResources/AICON-Green.uasset" 16
"../../../Engine/Content/EngineFonts/Roboto.uasset" 17
"../../../Engine/Content/EngineResources/DefaultTexture.uasset" 18
"../../../Engine/Content/Functions/Engine_MaterialFunctions01/Texturing/ScaleUVsByCenter.uasset" 19
"../../../Engine/Content/Functions/Engine_MaterialFunctions02/ScreenResolution.uasset" 20
"../../../Engine/Content/Functions/Engine_MaterialFunctions02/Texturing/ScreenAlignedUVs.uasset" 21
"../../../Engine/Content/EngineResources/WhiteSquareTexture.uasset" 22
"../../../Engine/Content/EngineMaterials/Widget3DPassThrough.uasset" 23
"../../../Engine/Content/EngineMaterials/Widget3DPassThrough_Translucent.uasset" 24
"../../../Engine/Content/EngineMaterials/Widget3DPassThrough_Translucent_OneSided.uasset" 25
"../../../Engine/Content/EngineMaterials/Widget3DPassThrough_Opaque.uasset" 26
"../../../Engine/Content/EngineMaterials/Widget3DPassThrough_Opaque_OneSided.uasset" 27
"../../../Engine/Content/EngineMaterials/Widget3DPassThrough_Masked.uasset" 28
"../../../Engine/Content/EngineMaterials/Widget3DPassThrough_Masked_OneSided.uasset" 29
"../../../Engine/Content/EditorResources/S_Actor.uasset" 30
"../../../Engine/Content/EditorMaterials/AssetViewer/EpicQuadPanorama_CC+EV1.uasset" 31
"../../../Engine/Content/EditorResources/RGBTable16x1_AssetViewer.uasset" 32
"../../../Engine/Content/Maps/Templates/Thumbnails/Default.uasset" 33
"../../../Engine/Content/Maps/Templates/Thumbnails/VR-Basic.uasset" 34
"../../../Engine/Content/EditorMaterials/ParticleSystems/PSysThumbnail_NoImage.uasset" 35
"../../../Engine/Content/EditorMaterials/ParticleSystems/PSysThumbnail_OOD.uasset" 36
"../../../Engine/Content/EditorLandscapeResources/DataLayer.uasset" 37
"../../../Engine/Content/EngineDamageTypes/DmgTypeBP_Environmental.uasset" 38
"../../../Engine/Content/EngineMeshes/Sphere.uasset" 39
"../../../Engine/Content/EngineFonts/RobotoDistanceField.uasset" 40
"../../../Engine/Content/EngineMaterials/DefaultTextMaterialOpaque.uasset" 41
"../../../Engine/Content/EditorResources/S_Trigger.uasset" 42
"../../../Engine/Content/EngineResources/GradientTexture0.uasset" 43
"../../../Engine/Content/EngineResources/Black.uasset" 44
"../../../Engine/Content/EditorMaterials/MatineeGroups/MAT_Groups_Float.uasset" 45
"../../../Engine/Content/EditorMaterials/MatineeGroups/MAT_Groups_Director.uasset" 46
"../../../Engine/Content/EditorMaterials/MatineeGroups/MAT_Groups_Event.uasset" 47
"../../../Engine/Content/EditorMaterials/MatineeGroups/MAT_Groups_Anim.uasset" 48
"../../../Engine/Content/EditorMaterials/MatineeGroups/MAT_Groups_Fade.uasset" 49
"../../../Engine/Content/EditorMaterials/MatineeGroups/MAT_Groups_Move.uasset" 50
"../../../Engine/Content/EditorMaterials/MatineeGroups/MAT_Groups_Slomo.uasset" 51
"../../../Engine/Content/EditorMaterials/MatineeGroups/MAT_ColorTrack.uasset" 52
"../../../Engine/Content/EditorMaterials/MAT_Groups_Toggle.uasset" 53
"../../../Engine/Content/EditorMaterials/MatineeGroups/MAT_Groups_AudioMaster.uasset" 54
"../../../Engine/Content/EditorMaterials/MatineeGroups/MAT_Groups_Sound.uasset" 55
"../../../Engine/Content/EditorMaterials/MatineeGroups/MAT_Groups_Vector.uasset" 56
"../../../Engine/Content/EditorMaterials/MAT_Groups_Visibility.uasset" 57
"../../../Engine/Content/EngineResources/DefaultTextureCube.uasset" 58
"../../../Engine/Content/Functions/Engine_MaterialFunctions01/Opacity/CameraDepthFade.uasset" 59
"../../../Engine/Content/EngineMaterials/T_Default_Material_Grid_M.uasset" 60
"../../../Engine/Content/EngineMaterials/T_Default_Material_Grid_N.uasset" 61
"../../../Engine/Content/EngineMaterials/DefaultMaterial.uasset" 62
"../../../Engine/Content/EngineMeshes/Cylinder.uasset" 63
"../../../Engine/Content/EngineTireTypes/DefaultTireType.uasset" 64
"../../../Engine/Content/VREditor/LaserPointer/VR_LaserPower_01.uasset" 65
"../../../Engine/Content/VREditor/TransformGizmo/TransformGizmoMaterial.uasset" 66
"../../../Engine/Content/VREditor/TransformGizmo/TranslucentTransformGizmoMaterial.uasset" 67
"../../../Engine/Content/VREditor/TransformGizmo/UniformScaleHandle.uasset" 68
"../../../Engine/Content/VREditor/TransformGizmo/TranslateHandleLong.uasset" 69
"../../../Engine/Content/VREditor/TransformGizmo/PlaneTranslationHandle.uasset" 70
"../../../Engine/Content/VREditor/TransformGizmo/RotationHandleFull.uasset" 71
"../../../Engine/Content/VREditor/TransformGizmo/StretchingHandle.uasset" 72
"../../../Engine/Content/VREditor/TransformGizmo/BoundingBoxCorner.uasset" 73
"../../../Engine/Content/VREditor/TransformGizmo/BoundingBoxEdge.uasset" 74
"../../../Engine/Content/VREditor/UI/SelectionBarMesh.uasset" 75
"../../../Engine/Content/VREditor/UI/CloseButtonMesh.uasset" 76
"../../../Engine/Content/VREditor/FloatingText/LineMaterial.uasset" 77
"../../../Engine/Content/VREditor/FloatingText/LineSegmentCylinder.uasset" 78
"../../../Engine/Content/VREditor/FloatingText/JointSphere.uasset" 79
"../../../Engine/Content/VREditor/Fonts/VRText_RobotoLarge.uasset" 80
"../../../Engine/Content/VREditor/Fonts/VRTextMaterial.uasset" 81
"../../../Engine/Content/VREditor/Fonts/TranslucentVRTextMaterial.uasset" 82
"../../../Engine/Content/VREditor/TransformGizmo/TranslationHandle.uasset" 83
"../../../Engine/Content/VREditor/TransformGizmo/RotationHandle.uasset" 84
"../../../Engine/Content/VREditor/Devices/Generic/GenericHMDMaterial.uasset" 85
"../../../Engine/Content/VREditor/Devices/Generic/GenericHMD.uasset" 86
"../../../Engine/Content/Functions/Engine_MaterialFunctions01/Gradient/RadialGradient.uasset" 87
"../../../Engine/Content/EditorLandscapeResources/FlattenHeightMat.uasset" 88
"../../../Engine/Content/VREditor/WorldMovementGrid/PlaneMesh.uasset" 89
"../../../Engine/Content/VREditor/WorldMovementGrid/SimpleGrid.uasset" 90
"../../../Engine/Content/VREditor/WorldMovementGrid/GridMaterial.uasset" 91
"../../../Engine/Content/VREditor/LaserPointer/LaserPointerMaterial.uasset" 92
"../../../Engine/Content/VREditor/LaserPointer/LaserPointerMaterialInst.uasset" 93
"../../../Engine/Content/VREditor/LaserPointer/TranslucentLaserPointerMaterialInst.uasset" 94
"../../../Engine/Content/VREditor/LaserPointer/LaserPointerMesh.uasset" 95
"../../../Engine/Content/Functions/Engine_MaterialFunctions01/Density/ExponentialDensity.uasset" 96
"../../../Engine/Content/VREditor/WorldMovementGrid/GridPostProcess.uasset" 97
"../../../Engine/Content/VREditor/Sounds/VR_teleport_Cue.uasset" 98
"../../../Engine/Content/VREditor/Sounds/VR_grab_Cue.uasset" 99
"../../../Engine/Content/Tutorial/Basics/TutorialAssets/icon_tab_Levels_40x.uasset" 100
"../../../Engine/Content/Tutorial/ContentIntroCurve.uasset" 101
"../../../Engine/Plugins/2D/Paper2D/Content/PlaceholderTextures/DummySpriteTexture.uasset" 102
"../../../Engine/Plugins/2D/Paper2D/Content/DefaultSpriteMaterial.uasset" 103
"../../../Engine/Plugins/2D/Paper2D/Content/MaskedUnlitSpriteMaterial.uasset" 104
"../../../Engine/Plugins/2D/Paper2D/Content/OpaqueUnlitSpriteMaterial.uasset" 105
"../../../Engine/Plugins/2D/Paper2D/Content/DummySprite.uasset" 106
"../../../Engine/Plugins/2D/Paper2D/Content/DefaultPaperTerrainMaterial.uasset" 107
"../../../Engine/Content/EngineMaterials/RemoveSurfaceMaterial.uasset" 108
"../../../Engine/Content/EngineDebugMaterials/DebugMeshMaterial.uasset" 109
"../../../Engine/Content/EngineMaterials/InvalidLightmapSettings.uasset" 110
"../../../Engine/Content/EngineMaterials/M_InvalidLightmapSettings.uasset" 111
"../../../Engine/Content/EditorMaterials/GizmoMaterial.uasset" 112
"../../../Engine/Content/EngineMaterials/PhAT_JointLimitMaterial.uasset" 113
"../../../Engine/Content/EngineMaterials/Good64x64TilingNoiseHighFreq.uasset" 114
"../../../Engine/Content/EngineMaterials/DefaultBokeh.uasset" 115
"../../../Engine/Content/EngineMaterials/PreintegratedSkinBRDF.uasset" 116
"../../../Engine/Content/EngineMaterials/MiniFont.uasset" 117
"../../../Engine/Content/EngineMaterials/WeightMapPlaceholderTexture.uasset" 118
"../../../Engine/Content/EngineMaterials/DefaultWhiteGrid.uasset" 119
"../../../Engine/Content/EngineMaterials/DefaultPhysicalMaterial.uasset" 120
"../../../Engine/Content/EngineFonts/RobotoTiny.uasset" 121
"../../../Engine/Content/EditorSounds/Notifications/CompileSuccess.uasset" 122
"../../../Engine/Content/EditorSounds/Notifications/CompileStart_Cue.uasset" 123
"../../../Engine/Content/EditorSounds/Notifications/CompileSuccess_Cue.uasset" 124
"../../../Engine/Content/EditorSounds/Notifications/CompileFailed.uasset" 125
"../../../Engine/Content/EditorSounds/Notifications/CompileFailed_Cue.uasset" 126
"../../../Engine/Content/EditorResources/EmptyActor.uasset" 127
"../../../Engine/Content/MobileResources/HUD/MobileHUDDirectionPad2.uasset" 128
"../../../Engine/Content/BasicShapes/Cone.uasset" 129
"../../../Engine/Content/EngineMaterials/WorldGridMaterial.uasset" 130
"../../../Engine/Content/BasicShapes/Cube.uasset" 131
"../../../Engine/Content/BasicShapes/Cylinder.uasset" 132
"../../../Engine/Content/EditorMaterials/PreviewShadowIndicator.uasset" 133
"../../../Engine/Content/EditorMaterials/PreviewShadowIndicatorMaterial.uasset" 134
"../../../Engine/Content/EditorResources/BSPVertex.uasset" 135
"../../../Engine/Content/EditorResources/AudioIcons/S_AudioComponent.uasset" 136
"../../../Engine/Content/EditorResources/AudioIcons/S_AudioComponent_AutoActivate.uasset" 137
"../../../Engine/Content/EngineDebugMaterials/HeatmapGradient.uasset" 138
"../../../Engine/Content/EngineDebugMaterials/BoneWeightMaterial.uasset" 139
"../../../Engine/Content/EngineDebugMaterials/GeomMaterial.uasset" 140
"../../../Engine/Content/EngineMaterials/EditorBrushMaterial.uasset" 141
"../../../Engine/Content/EngineMeshes/Cube.uasset" 142
"../../../Engine/Content/MobileResources/T_MobileControls_texture.uasset" 143
"../../../Engine/Content/MobileResources/T_MobileMenu2.uasset" 144
"../../../Engine/Content/MobileResources/HUD/AnalogHat.uasset" 145
"../../../Engine/Content/MobileResources/HUD/VirtualJoystick_Background.uasset" 146
"../../../Engine/Content/MobileResources/HUD/VirtualJoystick_Thumb.uasset" 147
"../../../Engine/Content/MobileResources/HUD/DefaultVirtualJoysticks.uasset" 148
"../../../Engine/Content/MobileResources/HUD/LeftVirtualJoystickOnly.uasset" 149
"../../../Engine/Content/MobileResources/HUD/MobileHUDButton1_off.uasset" 150
"../../../Engine/Content/MobileResources/HUD/MobileHUDButton1_on.uasset" 151
"../../../Engine/Content/MobileResources/HUD/MobileHUDButton2_off.uasset" 152
"../../../Engine/Content/MobileResources/HUD/MobileHUDButton2_on.uasset" 153
"../../../Engine/Content/MobileResources/HUD/MobileHUDButton3.uasset" 154
"../../../Engine/Content/MobileResources/HUD/MobileHUDButtonFire.uasset" 155
"../../../Engine/Content/MobileResources/HUD/MobileHUDDirectionPad.uasset" 156
"../../../Engine/Content/MobileResources/HUD/MobileHUDDirectionPad3.uasset" 157
"../../../Engine/Content/MobileResources/HUD/MobileHUDDirectionStick.uasset" 158
"../../../Engine/Content/MobileResources/HUD/T_Castle_ThumbstickInner.uasset" 159
"../../../Engine/Content/MobileResources/HUD/T_Castle_ThumbstickOutter.uasset" 160
"../../../Engine/Content/Tutorial/BlueprintTutorials/TutorialAssets/BlueprintInterface_64x.uasset" 161
"../../../Engine/Content/Tutorial/BlueprintTutorials/TutorialAssets/BlueprintMacroLibrary_64x.uasset" 162
"../../../Engine/Content/Tutorial/BlueprintTutorials/TutorialAssets/Blueprint_64x.uasset" 163
"../../../Engine/Content/Tutorial/BlueprintTutorials/TutorialAssets/Tutorial_BP_Interface.uasset" 164
"../../../Engine/Content/Tutorial/Foliage/TutorialAssets/Foliage.uasset" 165
"../../../Engine/Content/Tutorial/Landscape/TutorialAssets/Landscape.uasset" 166
"../../../Engine/Content/Tutorial/Paper2D/TutorialAssets/Paper2DFlipbook_TutorialIcon.uasset" 167
"../../../Engine/Content/Tutorial/Paper2D/TutorialAssets/Paper2DSprite_TutorialIcon.uasset" 168
"../../../Engine/Content/Tutorial/SubEditors/TutorialAssets/icon_Editor_Preferences_General_40x.uasset" 169
"../../../Engine/Content/Tutorial/SubEditors/TutorialAssets/icon_ShowSkeletalMeshes_40x.uasset" 170
"../../../Engine/Content/Tutorial/SubEditors/TutorialAssets/TutorialMaterial.uasset" 171
"../../../Engine/Content/Tutorial/SubEditors/TutorialAssets/T_SmokeSubUV_8X8.uasset" 172
"../../../Engine/Content/Tutorial/SubEditors/TutorialAssets/T_soft_smoke.uasset" 173
"../../../Engine/Content/Tutorial/SubEditors/TutorialAssets/M_smoke_subUV_blackbody.uasset" 174
"../../../Engine/Content/Tutorial/SubEditors/TutorialAssets/TutorialParticleSystem.uasset" 175
"../../../Engine/Content/EditorMeshes/EditorCube.uasset" 176
"../../../Engine/Content/Tutorial/SubEditors/TutorialAssets/Tutorial_DM.uasset" 177
"../../../ProyectoTexturas/Content/AA_RADS--RADS-8013_hifi.uasset" 178
"../../../ProyectoTexturas/Content/estrella2.uasset" 179
"../../../ProyectoTexturas/Content/Normal.uasset" 180
"../../../ProyectoTexturas/Content/normalcarton.uasset" 181
"../../../ProyectoTexturas/Content/normalcarton_Mat.uasset" 182
"../../../ProyectoTexturas/Content/StarterContent/Materials/M_Basic_Wall.uasset" 183
"../../../ProyectoTexturas/Content/StarterContent/Architecture/Pillar_50x500.uasset" 184
"../../../ProyectoTexturas/Content/StarterContent/Architecture/Wall_400x300.uasset" 185
"../../../ProyectoTexturas/Content/StarterContent/Architecture/Wall_400x400.uasset" 186
"../../../ProyectoTexturas/Content/StarterContent/Architecture/Wall_500x500.uasset" 187
"../../../ProyectoTexturas/Content/StarterContent/Architecture/Wall_Door_400x400.uasset" 188
"../../../ProyectoTexturas/Content/StarterContent/Architecture/Wall_Window_400x400.uasset" 189
"../../../ProyectoTexturas/Content/StarterContent/Audio/Light01_Cue.uasset" 190
"../../../ProyectoTexturas/Content/StarterContent/Audio/Light02_Cue.uasset" 191
"../../../ProyectoTexturas/Content/StarterContent/Audio/Explosion_Cue.uasset" 192
"../../../ProyectoTexturas/Content/StarterContent/Textures/T_Burst_M.uasset" 193
"../../../ProyectoTexturas/Content/StarterContent/Particles/Materials/M_Burst.uasset" 194
"../../../ProyectoTexturas/Content/StarterContent/Textures/T_Explosion_SubUV.uasset" 195
"../../../ProyectoTexturas/Content/StarterContent/Particles/Materials/M_explosion_subUV.uasset" 196
"../../../ProyectoTexturas/Content/StarterContent/Particles/Materials/m_flare_01.uasset" 197
"../../../ProyectoTexturas/Content/StarterContent/Particles/Materials/M_radial_ramp.uasset" 198
"../../../ProyectoTexturas/Content/StarterContent/Textures/T_Smoke_SubUV.uasset" 199
"../../../ProyectoTexturas/Content/StarterContent/Textures/T_Smoke_Tiled_D.uasset" 200
"../../../ProyectoTexturas/Content/StarterContent/Particles/Materials/M_smoke_subUV.uasset" 201
"../../../ProyectoTexturas/Content/StarterContent/Particles/P_Explosion.uasset" 202
"../../../ProyectoTexturas/Content/StarterContent/Blueprints/Blueprint_Effect_Explosion.uasset" 203
"../../../Engine/Content/EditorMeshes/ColorCalibrator/T_ColorGrid.uasset" 204
"../../../ProyectoTexturas/Content/StarterContent/Materials/M_ColorGrid_LowSpec.uasset" 205
"../../../ProyectoTexturas/Content/StarterContent/Textures/T_Bush_D.uasset" 206
"../../../ProyectoTexturas/Content/StarterContent/Textures/T_Bush_N.uasset" 207
"../../../ProyectoTexturas/Content/StarterContent/Props/Materials/M_Bush.uasset" 208
"../../../ProyectoTexturas/Content/StarterContent/Props/SM_Bush.uasset" 209
"../../../ProyectoTexturas/Content/StarterContent/Textures/T_Chair_M.uasset" 210
"../../../ProyectoTexturas/Content/StarterContent/Textures/T_Chair_N.uasset" 211
"../../../ProyectoTexturas/Content/StarterContent/Props/Materials/M_Chair.uasset" 212
"../../../ProyectoTexturas/Content/StarterContent/Props/SM_Couch.uasset" 213
"../../../ProyectoTexturas/Content/StarterContent/Materials/M_Glass.uasset" 214
"../../../ProyectoTexturas/Content/StarterContent/Textures/T_Door_M.uasset" 215
"../../../ProyectoTexturas/Content/StarterContent/Textures/T_Door_N.uasset" 216
"../../../ProyectoTexturas/Content/StarterContent/Props/Materials/M_Door.uasset" 217
"../../../ProyectoTexturas/Content/StarterContent/Props/SM_Door.uasset" 218
"../../../ProyectoTexturas/Content/StarterContent/Props/Materials/M_MaterialSphere.uasset" 219
"../../../ProyectoTexturas/Content/StarterContent/Props/Materials/M_MaterialSphere_Plain.uasset" 220
"../../../ProyectoTexturas/Content/StarterContent/Props/SM_MatPreviewMesh_02.uasset" 221
"../../../Engine/Content/Functions/Engine_MaterialFunctions02/Utility/BlendAngleCorrectedNormals.uasset" 222
"../../../ProyectoTexturas/Content/StarterContent/Textures/T_Detail_Rocky_N.uasset" 223
"../../../ProyectoTexturas/Content/StarterContent/Textures/T_Rock_Basalt_D.uasset" 224
"../../../ProyectoTexturas/Content/StarterContent/Textures/T_RockMesh_M.uasset" 225
"../../../ProyectoTexturas/Content/StarterContent/Textures/T_RockMesh_N.uasset" 226
"../../../ProyectoTexturas/Content/StarterContent/Props/Materials/M_Rock.uasset" 227
"../../../ProyectoTexturas/Content/StarterContent/Props/SM_Rock.uasset" 228
"../../../ProyectoTexturas/Content/StarterContent/Textures/T_Shelf_M.uasset" 229
"../../../ProyectoTexturas/Content/StarterContent/Textures/T_Shelf_N.uasset" 230
"../../../ProyectoTexturas/Content/StarterContent/Props/Materials/M_Shelf.uasset" 231
"../../../ProyectoTexturas/Content/StarterContent/Props/SM_Shelf.uasset" 232
"../../../ProyectoTexturas/Content/StarterContent/Materials/M_Basic_Floor.uasset" 233
"../../../ProyectoTexturas/Content/StarterContent/Props/SM_Stairs.uasset" 234
"../../../ProyectoTexturas/Content/StarterContent/Shapes/Shape_Cone.uasset" 235
"../../../ProyectoTexturas/Content/StarterContent/Shapes/Shape_Cylinder.uasset" 236
"../../../ProyectoTexturas/Content/StarterContent/Shapes/Shape_NarrowCapsule.uasset" 237
"../../../ProyectoTexturas/Content/StarterContent/Shapes/Shape_Pipe.uasset" 238
"../../../ProyectoTexturas/Content/StarterContent/Shapes/Shape_Pipe_180.uasset" 239
"../../../ProyectoTexturas/Content/StarterContent/Shapes/Shape_Pipe_90.uasset" 240
"../../../ProyectoTexturas/Content/StarterContent/Shapes/Shape_Plane.uasset" 241
"../../../ProyectoTexturas/Content/StarterContent/Shapes/Shape_Torus.uasset" 242
"../../../ProyectoTexturas/Content/StarterContent/Shapes/Shape_Trim.uasset" 243
"../../../ProyectoTexturas/Content/StarterContent/Shapes/Shape_Trim_90_In.uasset" 244
"../../../ProyectoTexturas/Content/StarterContent/Shapes/Shape_Trim_90_Out.uasset" 245
"../../../ProyectoTexturas/Content/StarterContent/Shapes/Shape_TriPyramid.uasset" 246
"../../../ProyectoTexturas/Content/StarterContent/Shapes/Shape_Tube.uasset" 247
"../../../ProyectoTexturas/Content/StarterContent/Shapes/Shape_Wedge_A.uasset" 248
"../../../ProyectoTexturas/Content/StarterContent/Shapes/Shape_Wedge_B.uasset" 249
"../../../ProyectoTexturas/Content/StarterContent/Shapes/Shape_WideCapsule.uasset" 250
"../../../ProyectoTexturas/Content/Tetxt/Tex_Blots_Animated.uasset" 251
"../../../ProyectoTexturas/Content/Tetxt/Tex_Circle_Large_Blur_12.uasset" 252
"../../../ProyectoTexturas/Content/Tetxt/Tex_Circle_Large_Blur_16.uasset" 253
"../../../ProyectoTexturas/Content/Tetxt/Tex_Circle_Large_Blur_4.uasset" 254
"../../../ProyectoTexturas/Content/Tetxt/Tex_Circle_Large_Blur_8.uasset" 255
"../../../ProyectoTexturas/Content/Tetxt/Tex_Circle_Large_Sharp.uasset" 256
"../../../ProyectoTexturas/Content/Tetxt/Tex_Circle_Small_Blur_12.uasset" 257
"../../../ProyectoTexturas/Content/Tetxt/Tex_Circle_Small_Blur_16.uasset" 258
"../../../ProyectoTexturas/Content/Tetxt/Tex_Circle_Small_Blur_4.uasset" 259
"../../../ProyectoTexturas/Content/Tetxt/Tex_Circle_Small_Blur_8.uasset" 260
"../../../ProyectoTexturas/Content/Tetxt/Tex_Gradient_Radial_45.uasset" 261
"../../../ProyectoTexturas/Content/Tetxt/Tex_Gradient_Radial_65.uasset" 262
"../../../ProyectoTexturas/Content/Tetxt/Tex_Gradient_Radial_85.uasset" 263
"../../../ProyectoTexturas/Content/Tetxt/Tex_Gradient_Radial_Rainbow.uasset" 264
"../../../ProyectoTexturas/Content/Tetxt/Tex_Gradient_Radial_Rainbow_Inv.uasset" 265
"../../../ProyectoTexturas/Content/Tetxt/Tex_Gradient_Vert_75_LargeBorder.uasset" 266
"../../../ProyectoTexturas/Content/Tetxt/Tex_Gradient_Vert_75_Mirrored_LargeBorder.uasset" 267
"../../../ProyectoTexturas/Content/Tetxt/Tex_Gradient_Vert_75_Mirrored_NoBorder.uasset" 268
"../../../ProyectoTexturas/Content/Tetxt/Tex_Gradient_Vert_75_Mirrored_SmallBorder.uasset" 269
"../../../ProyectoTexturas/Content/Tetxt/Tex_Gradient_Vert_75_NoBorder.uasset" 270
"../../../ProyectoTexturas/Content/Tetxt/Tex_Gradient_Vert_75_SmallBorder.uasset" 271
"../../../ProyectoTexturas/Content/Tetxt/Tex_Hexagon.uasset" 272
"../../../ProyectoTexturas/Content/Tetxt/Tex_Lightning_Animated.uasset" 273
"../../../ProyectoTexturas/Content/Tetxt/Tex_Moons_Animated.uasset" 274
"../../../ProyectoTexturas/Content/Tetxt/Tex_Noise_Radial.uasset" 275
"../../../ProyectoTexturas/Content/Tetxt/Tex_Ring_Composite.uasset" 276
"../../../ProyectoTexturas/Content/Tetxt/Tex_Ring_Flat.uasset" 277
"../../../ProyectoTexturas/Content/Tetxt/Tex_Ring_Large.uasset" 278
"../../../ProyectoTexturas/Content/Tetxt/Tex_Ring_mid.uasset" 279
"../../../ProyectoTexturas/Content/Tetxt/Tex_Ring_Square.uasset" 280
"../../../ProyectoTexturas/Content/Tetxt/Tex_Ring_Triangle.uasset" 281
"../../../ProyectoTexturas/Content/Tetxt/Tex_Spark_Delta_Blur_2.uasset" 282
"../../../ProyectoTexturas/Content/Tetxt/Tex_Spark_Delta_Blur_4.uasset" 283
"../../../ProyectoTexturas/Content/Tetxt/Tex_Spark_Delta_Sharp.uasset" 284
"../../../ProyectoTexturas/Content/Tetxt/Tex_Spark_Hex_Blur4.uasset" 285
"../../../ProyectoTexturas/Content/Tetxt/Tex_Spark_Hex_Blur8.uasset" 286
"../../../ProyectoTexturas/Content/Tetxt/Tex_Spark_Star4_Blur2.uasset" 287
"../../../ProyectoTexturas/Content/Tetxt/Tex_Spark_Star4_Blur4.uasset" 288
"../../../ProyectoTexturas/Content/Tetxt/Tex_Spark_Star4_Sharp.uasset" 289
"../../../ProyectoTexturas/Content/Tetxt/Tex_Spark_Star8_Blur2.uasset" 290
"../../../ProyectoTexturas/Content/Tetxt/Tex_Spark_Star8_Blur4.uasset" 291
"../../../ProyectoTexturas/Content/Tetxt/Tex_Wind_Animated.uasset" 292
"../../../Engine/Content/EngineMaterials/DefaultNormal.uasset" 293
"../../../Engine/Content/Maps/Entry.umap" 294
"../../../ProyectoTexturas/Content/SonidoLase.uasset" 295
"../../../ProyectoTexturas/Content/ActorSonido.uasset" 296
"../../../ProyectoTexturas/Content/SonidoJuegosPirotecnicos.uasset" 297
"../../../ProyectoTexturas/Content/ActorSonido2.uasset" 298
"../../../ProyectoTexturas/Content/Carton.uasset" 299
"../../../ProyectoTexturas/Content/MarmolPNG.uasset" 300
"../../../ProyectoTexturas/Content/Marmol.uasset" 301
"../../../ProyectoTexturas/Content/Estrellas.uasset" 302
"../../../ProyectoTexturas/Content/MaterialMovil.uasset" 303
"../../../ProyectoTexturas/Content/TextBarra.uasset" 304
"../../../ProyectoTexturas/Content/matmovil2.uasset" 305
"../../../Engine/Content/Functions/Engine_MaterialFunctions02/Utility/AppendMany.uasset" 306
"../../../ProyectoTexturas/Content/Noise.uasset" 307
"../../../ProyectoTexturas/Content/PostProcesamiento.uasset" 308
"../../../ProyectoTexturas/Content/StarterContent/Materials/M_AssetPlatform.uasset" 309
"../../../Engine/Content/BasicShapes/Sphere.uasset" 310
"../../../ProyectoTexturas/Content/gun_battle_sound-ReamProductions-1158375208.uasset" 311
"../../../ProyectoTexturas/Content/Tetxt/Tex_Circle_Small_Sharp.uasset" 312
"../../../ProyectoTexturas/Content/Gota.uasset" 313
"../../../ProyectoTexturas/Content/Nieve.uasset" 314
"../../../ProyectoTexturas/Content/Tetxt/Tex_Spark_Star8_Sharp.uasset" 315
"../../../ProyectoTexturas/Content/JuegoPirotecnico.uasset" 316
"../../../ProyectoTexturas/Content/Pirotecnia.uasset" 317
"../../../ProyectoTexturas/Content/Tetxt/Tex_Spark_Hex_Sharp.uasset" 318
"../../../ProyectoTexturas/Content/ParticulaRashoLase.uasset" 319
"../../../ProyectoTexturas/Content/RashoLaser.uasset" 320
"../../../ProyectoTexturas/Content/StarterContent/Maps/Minimal_Default.umap" 321
"../../../ProyectoTexturas/Content/StarterContent/Audio/Fire01_Cue.uasset" 322
"../../../ProyectoTexturas/Content/StarterContent/Textures/T_Fire_SubUV.uasset" 323
"../../../ProyectoTexturas/Content/StarterContent/Textures/T_Fire_Tiled_D.uasset" 324
"../../../ProyectoTexturas/Content/StarterContent/Particles/Materials/M_Fire_SubUV.uasset" 325
"../../../ProyectoTexturas/Content/StarterContent/Textures/T_Water_N.uasset" 326
"../../../ProyectoTexturas/Content/StarterContent/Particles/Materials/M_Heat_Distortion.uasset" 327
"../../../ProyectoTexturas/Content/StarterContent/Particles/Materials/M_Radial_Gradient.uasset" 328
"../../../ProyectoTexturas/Content/StarterContent/Particles/P_Fire.uasset" 329
"../../../ProyectoTexturas/Content/StarterContent/Blueprints/Blueprint_Effect_Fire.uasset" 330
"../../../ProyectoTexturas/Content/StarterContent/Audio/Smoke01_Cue.uasset" 331
"../../../ProyectoTexturas/Content/StarterContent/Particles/P_Smoke.uasset" 332
"../../../ProyectoTexturas/Content/StarterContent/Blueprints/Blueprint_Effect_Smoke.uasset" 333
"../../../ProyectoTexturas/Content/StarterContent/Audio/Fire_Sparks01_Cue.uasset" 334
"../../../ProyectoTexturas/Content/StarterContent/Textures/T_Spark_Core.uasset" 335
"../../../ProyectoTexturas/Content/StarterContent/Particles/Materials/M_Spark.uasset" 336
"../../../ProyectoTexturas/Content/StarterContent/Particles/P_Sparks.uasset" 337
"../../../ProyectoTexturas/Content/StarterContent/Blueprints/Blueprint_Effect_Sparks.uasset" 338
"../../../ProyectoTexturas/Content/StarterContent/Audio/Steam01_Cue.uasset" 339
"../../../ProyectoTexturas/Content/StarterContent/Particles/P_Steam_Lit.uasset" 340
"../../../ProyectoTexturas/Content/StarterContent/Blueprints/Blueprint_Effect_Steam.uasset" 341
"../../../Engine/Content/EditorBlueprintResources/StandardMacros.uasset" 342
"../../../Engine/Content/EngineSky/C_Sky_Cloud_Color.uasset" 343
"../../../Engine/Content/EngineSky/C_Sky_Horizon_Color.uasset" 344
"../../../Engine/Content/EngineSky/C_Sky_Zenith_Color.uasset" 345
"../../../Engine/Content/EngineSky/T_Sky_Clouds_M.uasset" 346
"../../../Engine/Content/EngineSky/T_Sky_Stars.uasset" 347
"../../../Engine/Content/EngineSky/M_Sky_Panning_Clouds2.uasset" 348
"../../../Engine/Content/EngineSky/SM_SkySphere.uasset" 349
"../../../Engine/Content/EngineSky/BP_Sky_Sphere.uasset" 350
"../../../ProyectoTexturas/Content/StarterContent/Textures/T_Lamp_M.uasset" 351
"../../../ProyectoTexturas/Content/StarterContent/Textures/T_Lamp_N.uasset" 352
"../../../ProyectoTexturas/Content/StarterContent/Props/Materials/M_Lamp.uasset" 353
"../../../ProyectoTexturas/Content/StarterContent/Props/SM_Lamp_Ceiling.uasset" 354
"../../../ProyectoTexturas/Content/StarterContent/Blueprints/Blueprint_CeilingLight.uasset" 355
"../../../ProyectoTexturas/Content/StarterContent/Props/SM_Lamp_Wall.uasset" 356
"../../../ProyectoTexturas/Content/StarterContent/Blueprints/Blueprint_WallSconce.uasset" 357
"../../../Engine/Content/Functions/Engine_MaterialFunctions03/Procedurals/ComputeFilterWidth.uasset" 358
"../../../Engine/Content/EngineMaterials/AntiAliasedTextMaterialTranslucent.uasset" 359
"../../../ProyectoTexturas/Content/StarterContent/Textures/T_Brick_Clay_Beveled_D.uasset" 360
"../../../ProyectoTexturas/Content/StarterContent/Textures/T_Brick_Clay_Beveled_M.uasset" 361
"../../../ProyectoTexturas/Content/StarterContent/Textures/T_Brick_Clay_Beveled_N.uasset" 362
"../../../ProyectoTexturas/Content/StarterContent/Textures/T_MacroVariation.uasset" 363
"../../../ProyectoTexturas/Content/StarterContent/Materials/M_Brick_Clay_Beveled.uasset" 364
"../../../ProyectoTexturas/Content/StarterContent/Textures/T_Brick_Clay_New_D.uasset" 365
"../../../ProyectoTexturas/Content/StarterContent/Textures/T_Brick_Clay_New_M.uasset" 366
"../../../ProyectoTexturas/Content/StarterContent/Textures/T_Brick_Clay_New_N.uasset" 367
"../../../ProyectoTexturas/Content/StarterContent/Materials/M_Brick_Clay_New.uasset" 368
"../../../ProyectoTexturas/Content/StarterContent/Textures/T_Brick_Clay_Old_D.uasset" 369
"../../../ProyectoTexturas/Content/StarterContent/Textures/T_Brick_Clay_Old_N.uasset" 370
"../../../ProyectoTexturas/Content/StarterContent/Textures/T_Perlin_Noise_M.uasset" 371
"../../../ProyectoTexturas/Content/StarterContent/Materials/M_Brick_Clay_Old.uasset" 372
"../../../ProyectoTexturas/Content/StarterContent/Textures/T_Brick_Cut_Stone_D.uasset" 373
"../../../ProyectoTexturas/Content/StarterContent/Textures/T_Brick_Cut_Stone_N.uasset" 374
"../../../ProyectoTexturas/Content/StarterContent/Materials/M_Brick_Cut_Stone.uasset" 375
"../../../ProyectoTexturas/Content/StarterContent/Textures/T_Brick_Hewn_Stone_D.uasset" 376
"../../../ProyectoTexturas/Content/StarterContent/Textures/T_Brick_Hewn_Stone_M.uasset" 377
"../../../ProyectoTexturas/Content/StarterContent/Textures/T_Brick_Hewn_Stone_N.uasset" 378
"../../../ProyectoTexturas/Content/StarterContent/Materials/M_Brick_Hewn_Stone.uasset" 379
"../../../ProyectoTexturas/Content/StarterContent/Textures/T_Ceramic_Tile_M.uasset" 380
"../../../ProyectoTexturas/Content/StarterContent/Textures/T_Ceramic_Tile_N.uasset" 381
"../../../ProyectoTexturas/Content/StarterContent/Textures/T_Rock_Marble_Polished_D.uasset" 382
"../../../ProyectoTexturas/Content/StarterContent/Materials/M_Ceramic_Tile_Checker.uasset" 383
"../../../ProyectoTexturas/Content/StarterContent/Textures/T_CobbleStone_Pebble_D.uasset" 384
"../../../ProyectoTexturas/Content/StarterContent/Textures/T_CobbleStone_Pebble_M.uasset" 385
"../../../ProyectoTexturas/Content/StarterContent/Textures/T_CobbleStone_Pebble_N.uasset" 386
"../../../ProyectoTexturas/Content/StarterContent/Materials/M_CobbleStone_Pebble.uasset" 387
"../../../ProyectoTexturas/Content/StarterContent/Textures/T_CobbleStone_Rough_D.uasset" 388
"../../../ProyectoTexturas/Content/StarterContent/Textures/T_CobbleStone_Rough_N.uasset" 389
"../../../ProyectoTexturas/Content/StarterContent/Textures/T_Gradinet_01.uasset" 390
"../../../ProyectoTexturas/Content/StarterContent/Textures/T_Rock_Smooth_Granite_D.uasset" 391
"../../../ProyectoTexturas/Content/StarterContent/Materials/M_CobbleStone_Rough.uasset" 392
"../../../ProyectoTexturas/Content/StarterContent/Textures/T_CobbleStone_Smooth_D.uasset" 393
"../../../ProyectoTexturas/Content/StarterContent/Textures/T_CobbleStone_Smooth_M.uasset" 394
"../../../ProyectoTexturas/Content/StarterContent/Textures/T_CobbleStone_Smooth_N.uasset" 395
"../../../ProyectoTexturas/Content/StarterContent/Materials/M_CobbleStone_Smooth.uasset" 396
"../../../ProyectoTexturas/Content/StarterContent/Textures/T_Concrete_Grime_D.uasset" 397
"../../../ProyectoTexturas/Content/StarterContent/Textures/T_Metal_Rust_N.uasset" 398
"../../../ProyectoTexturas/Content/StarterContent/Materials/M_Concrete_Grime.uasset" 399
"../../../ProyectoTexturas/Content/StarterContent/Textures/T_Concrete_Panels_D.uasset" 400
"../../../ProyectoTexturas/Content/StarterContent/Textures/T_Concrete_Panels_N.uasset" 401
"../../../ProyectoTexturas/Content/StarterContent/Materials/M_Concrete_Panels.uasset" 402
"../../../ProyectoTexturas/Content/StarterContent/Textures/T_Concrete_Poured_D.uasset" 403
"../../../ProyectoTexturas/Content/StarterContent/Textures/T_Concrete_Poured_N.uasset" 404
"../../../ProyectoTexturas/Content/StarterContent/Materials/M_Concrete_Poured.uasset" 405
"../../../ProyectoTexturas/Content/StarterContent/Textures/T_Concrete_Tiles_D.uasset" 406
"../../../ProyectoTexturas/Content/StarterContent/Textures/T_Concrete_Tiles_M.uasset" 407
"../../../ProyectoTexturas/Content/StarterContent/Textures/T_Concrete_Tiles_N.uasset" 408
"../../../ProyectoTexturas/Content/StarterContent/Textures/T_Concrete_Tiles_Variation_M.uasset" 409
"../../../ProyectoTexturas/Content/StarterContent/Materials/M_Concrete_Tiles.uasset" 410
"../../../ProyectoTexturas/Content/StarterContent/Textures/T_Ground_Grass_D.uasset" 411
"../../../ProyectoTexturas/Content/StarterContent/Textures/T_Ground_Grass_N.uasset" 412
"../../../ProyectoTexturas/Content/StarterContent/Materials/M_Ground_Grass.uasset" 413
"../../../ProyectoTexturas/Content/StarterContent/Textures/T_Ground_Gravel_D.uasset" 414
"../../../ProyectoTexturas/Content/StarterContent/Textures/T_Ground_Gravel_N.uasset" 415
"../../../ProyectoTexturas/Content/StarterContent/Materials/M_Ground_Gravel.uasset" 416
"../../../ProyectoTexturas/Content/StarterContent/Textures/T_ground_Moss_D.uasset" 417
"../../../ProyectoTexturas/Content/StarterContent/Textures/T_Ground_Moss_N.uasset" 418
"../../../ProyectoTexturas/Content/StarterContent/Materials/M_Ground_Moss.uasset" 419
"../../../ProyectoTexturas/Content/StarterContent/Materials/M_Metal_Brushed_Nickel.uasset" 420
"../../../ProyectoTexturas/Content/StarterContent/Textures/T_Metal_Aluminum_D.uasset" 421
"../../../ProyectoTexturas/Content/StarterContent/Textures/T_Metal_Gold_N.uasset" 422
"../../../ProyectoTexturas/Content/StarterContent/Materials/M_Metal_Burnished_Steel.uasset" 423
"../../../ProyectoTexturas/Content/StarterContent/Materials/M_Metal_Chrome.uasset" 424
"../../../ProyectoTexturas/Content/StarterContent/Textures/T_Metal_Copper_D.uasset" 425
"../../../ProyectoTexturas/Content/StarterContent/Materials/M_Metal_Copper.uasset" 426
"../../../ProyectoTexturas/Content/StarterContent/Textures/T_Metal_Gold_D.uasset" 427
"../../../ProyectoTexturas/Content/StarterContent/Materials/M_Metal_Gold.uasset" 428
"../../../ProyectoTexturas/Content/StarterContent/Textures/T_Metal_Rust_D.uasset" 429
"../../../ProyectoTexturas/Content/StarterContent/Materials/M_Metal_Rust.uasset" 430
"../../../ProyectoTexturas/Content/StarterContent/Textures/T_Metal_Steel_D.uasset" 431
"../../../ProyectoTexturas/Content/StarterContent/Textures/T_Metal_Steel_N.uasset" 432
"../../../ProyectoTexturas/Content/StarterContent/Materials/M_Metal_Steel.uasset" 433
"../../../ProyectoTexturas/Content/StarterContent/Textures/T_Rock_Basalt_N.uasset" 434
"../../../ProyectoTexturas/Content/StarterContent/Materials/M_Rock_Basalt.uasset" 435
"../../../ProyectoTexturas/Content/StarterContent/Materials/M_Rock_Marble_Polished.uasset" 436
"../../../ProyectoTexturas/Content/StarterContent/Textures/T_Rock_Sandstone_D.uasset" 437
"../../../ProyectoTexturas/Content/StarterContent/Textures/T_Rock_Sandstone_N.uasset" 438
"../../../ProyectoTexturas/Content/StarterContent/Materials/M_Rock_Sandstone.uasset" 439
"../../../ProyectoTexturas/Content/StarterContent/Textures/T_Rock_Slate_D.uasset" 440
"../../../ProyectoTexturas/Content/StarterContent/Textures/T_Rock_Slate_N.uasset" 441
"../../../ProyectoTexturas/Content/StarterContent/Materials/M_Rock_Slate.uasset" 442
"../../../ProyectoTexturas/Content/StarterContent/Textures/T_Checker_Noise_M.uasset" 443
"../../../ProyectoTexturas/Content/StarterContent/Textures/T_Single_Tile_N.uasset" 444
"../../../ProyectoTexturas/Content/StarterContent/Textures/T_Tech_Dot_M.uasset" 445
"../../../ProyectoTexturas/Content/StarterContent/Textures/T_Tech_Dot_N.uasset" 446
"../../../ProyectoTexturas/Content/StarterContent/Materials/M_Tech_Checker_Dot.uasset" 447
"../../../ProyectoTexturas/Content/StarterContent/Textures/T_Tech_Hex_Tile_M.uasset" 448
"../../../ProyectoTexturas/Content/StarterContent/Textures/T_Tech_Hex_Tile_N.uasset" 449
"../../../ProyectoTexturas/Content/StarterContent/Materials/M_Tech_Hex_Tile.uasset" 450
"../../../ProyectoTexturas/Content/StarterContent/Materials/M_Tech_Hex_Tile_Pulse.uasset" 451
"../../../ProyectoTexturas/Content/StarterContent/Textures/T_Tech_Panel_M.uasset" 452
"../../../ProyectoTexturas/Content/StarterContent/Textures/T_Tech_Panel_N.uasset" 453
"../../../ProyectoTexturas/Content/StarterContent/Materials/M_Tech_Panel.uasset" 454
"../../../ProyectoTexturas/Content/StarterContent/Materials/M_Water_Lake.uasset" 455
"../../../ProyectoTexturas/Content/StarterContent/Textures/T_Water_M.uasset" 456
"../../../ProyectoTexturas/Content/StarterContent/Materials/M_Water_Ocean.uasset" 457
"../../../ProyectoTexturas/Content/StarterContent/Textures/T_Wood_Floor_Walnut_D.uasset" 458
"../../../ProyectoTexturas/Content/StarterContent/Textures/T_Wood_Floor_Walnut_M.uasset" 459
"../../../ProyectoTexturas/Content/StarterContent/Textures/T_Wood_Floor_Walnut_N.uasset" 460
"../../../ProyectoTexturas/Content/StarterContent/Materials/M_Wood_Floor_Walnut_Polished.uasset" 461
"../../../Engine/Content/Functions/Engine_MaterialFunctions01/Opacity/AlphaOffset.uasset" 462
"../../../ProyectoTexturas/Content/StarterContent/Materials/M_Wood_Floor_Walnut_Worn.uasset" 463
"../../../ProyectoTexturas/Content/StarterContent/Textures/T_Wood_Oak_D.uasset" 464
"../../../ProyectoTexturas/Content/StarterContent/Textures/T_Wood_Oak_N.uasset" 465
"../../../ProyectoTexturas/Content/StarterContent/Materials/M_Wood_Oak.uasset" 466
"../../../ProyectoTexturas/Content/StarterContent/Textures/T_Wood_Pine_D.uasset" 467
"../../../ProyectoTexturas/Content/StarterContent/Textures/T_Wood_Pine_N.uasset" 468
"../../../ProyectoTexturas/Content/StarterContent/Materials/M_Wood_Pine.uasset" 469
"../../../ProyectoTexturas/Content/StarterContent/Textures/T_Wood_Walnut_D.uasset" 470
"../../../ProyectoTexturas/Content/StarterContent/Textures/T_Wood_Walnut_N.uasset" 471
"../../../ProyectoTexturas/Content/StarterContent/Materials/M_Wood_Walnut.uasset" 472
"../../../Engine/Content/EngineSky/T_Sky_Blue.uasset" 473
"../../../ProyectoTexturas/Content/StarterContent/Architecture/Floor_400x400.uasset" 474
"../../../ProyectoTexturas/Content/StarterContent/Architecture/Wall_400x200.uasset" 475
"../../../ProyectoTexturas/Content/StarterContent/Architecture/Wall_Door_400x300.uasset" 476
"../../../ProyectoTexturas/Content/StarterContent/Architecture/Wall_Window_400x300.uasset" 477
"../../../ProyectoTexturas/Content/StarterContent/Audio/Collapse_Cue.uasset" 478
"../../../ProyectoTexturas/Content/StarterContent/Audio/Starter_Background_Cue.uasset" 479
"../../../ProyectoTexturas/Content/StarterContent/Audio/Starter_Music_Cue.uasset" 480
"../../../ProyectoTexturas/Content/StarterContent/Textures/T_Dust_Particle_D.uasset" 481
"../../../ProyectoTexturas/Content/StarterContent/Particles/Materials/M_Dust_Particle.uasset" 482
"../../../ProyectoTexturas/Content/StarterContent/Particles/P_Ambient_Dust.uasset" 483
"../../../ProyectoTexturas/Content/StarterContent/Props/MaterialSphere.uasset" 484
"../../../ProyectoTexturas/Content/StarterContent/Props/SM_Chair.uasset" 485
"../../../ProyectoTexturas/Content/StarterContent/Textures/T_Frame_M.uasset" 486
"../../../ProyectoTexturas/Content/StarterContent/Textures/T_Frame_N.uasset" 487
"../../../ProyectoTexturas/Content/StarterContent/Props/Materials/M_Frame.uasset" 488
"../../../ProyectoTexturas/Content/StarterContent/Props/SM_CornerFrame.uasset" 489
"../../../ProyectoTexturas/Content/StarterContent/Props/SM_DoorFrame.uasset" 490
"../../../ProyectoTexturas/Content/StarterContent/Props/SM_GlassWindow.uasset" 491
"../../../ProyectoTexturas/Content/StarterContent/Props/SM_PillarFrame.uasset" 492
"../../../ProyectoTexturas/Content/StarterContent/Props/SM_PillarFrame300.uasset" 493
"../../../ProyectoTexturas/Content/StarterContent/Textures/T_Statue_M.uasset" 494
"../../../ProyectoTexturas/Content/StarterContent/Textures/T_Statue_N.uasset" 495
"../../../ProyectoTexturas/Content/StarterContent/Props/Materials/M_Statue.uasset" 496
"../../../ProyectoTexturas/Content/StarterContent/Props/Materials/M_StatueGlass.uasset" 497
"../../../ProyectoTexturas/Content/StarterContent/Props/SM_Statue.uasset" 498
"../../../ProyectoTexturas/Content/StarterContent/Textures/T_TableRound_M.uasset" 499
"../../../ProyectoTexturas/Content/StarterContent/Textures/T_TableRound_N.uasset" 500
"../../../ProyectoTexturas/Content/StarterContent/Props/Materials/M_TableRound.uasset" 501
"../../../ProyectoTexturas/Content/StarterContent/Props/SM_TableRound.uasset" 502
"../../../ProyectoTexturas/Content/StarterContent/Props/SM_WindowFrame.uasset" 503
"../../../ProyectoTexturas/Content/StarterContent/Shapes/Shape_Cube.uasset" 504
"../../../ProyectoTexturas/Content/StarterContent/Shapes/Shape_QuadPyramid.uasset" 505
"../../../ProyectoTexturas/Content/StarterContent/Shapes/Shape_Sphere.uasset" 506
"../../../ProyectoTexturas/Content/StarterContent/Maps/StarterMap.umap" 507
"../../../ProyectoTexturas/Content/StarterContent/Blueprints/Assets/FogBrightnessLUT.uasset" 508
"../../../ProyectoTexturas/Content/StarterContent/Blueprints/Assets/SunlightColorLUT.uasset" 509
"../../../ProyectoTexturas/Content/StarterContent/Blueprints/Assets/M_LightStage_Arrows.uasset" 510
"../../../Engine/Content/MapTemplates/Sky/DaylightAmbientCubemap.uasset" 511
"../../../ProyectoTexturas/Content/StarterContent/Blueprints/Assets/M_LightStage_Skybox_Master.uasset" 512
"../../../ProyectoTexturas/Content/StarterContent/Blueprints/Assets/M_LightStage_Skybox_Black.uasset" 513
"../../../ProyectoTexturas/Content/StarterContent/Blueprints/Assets/M_LightStage_Skybox_HDRI.uasset" 514
"../../../Engine/Content/EditorMaterials/Thumbnails/SkySphereMaterial.uasset" 515
"../../../ProyectoTexturas/Content/StarterContent/Blueprints/Assets/Skybox.uasset" 516
"../../../ProyectoTexturas/Content/StarterContent/Blueprints/Assets/SM_Arrows.uasset" 517
"../../../ProyectoTexturas/Content/StarterContent/HDRI/HDRI_Epic_Courtyard_Daylight.uasset" 518
"../../../ProyectoTexturas/Content/StarterContent/Blueprints/BP_LightStudio.uasset" 519
"../../../Engine/Content/EditorMeshes/ColorCalibrator/M_ChromeBall.uasset" 520
"../../../Engine/Content/EditorMeshes/ColorCalibrator/M_ClearCoat.uasset" 521
"../../../Engine/Content/EditorMeshes/ColorCalibrator/M_ClearCoatBlack.uasset" 522
"../../../Engine/Content/EditorMeshes/ColorCalibrator/M_ColorGrid.uasset" 523
"../../../Engine/Content/EditorMeshes/ColorCalibrator/M_GreyBall.uasset" 524
"../../../Engine/Content/EditorMeshes/ColorCalibrator/SM_ColorCalibrator.uasset" 525
"../../../ProyectoTexturas/Content/StarterContent/Architecture/SM_AssetPlatform.uasset" 526
"../../../ProyectoTexturas/Content/StarterContent/Maps/Advanced_Lighting.umap" 527
